Grammar

    0 $accept: Program $end

    1 Program: MainClassDeclaration ClassDeclarationList

    2 MainClassDeclaration: CLASS IDENTIFIER '{' PUBLIC STATIC VOID MAIN '(' STRING '[' ']' IDENTIFIER ')' '{' Statement '}' '}'

    3 ClassDeclarationList: /* empty */
    4                     | ClassDeclaration ClassDeclarationList

    5 ClassDeclaration: CLASS IDENTIFIER '{' VariableDeclarationList MethodDeclarationList '}'
    6                 | CLASS IDENTIFIER EXTENDS IDENTIFIER '{' VariableDeclarationList MethodDeclarationList '}'

    7 VariableDeclarationList: /* empty */
    8                        | VariableDeclarationList VariableDeclaration

    9 VariableDeclaration: Type IDENTIFIER ';'

   10 MethodDeclarationList: /* empty */
   11                      | MethodDeclaration MethodDeclarationList

   12 MethodDeclaration: PUBLIC Type IDENTIFIER '(' FormalList ')' '{' VariableDeclarationList StatementList RETURN Expression ';' '}'

   13 FormalList: /* empty */
   14           | Type IDENTIFIER FormalRestList

   15 FormalRestList: /* empty */
   16               | FormalRest FormalRestList

   17 FormalRest: ',' Type IDENTIFIER

   18 Type: INT '[' ']'
   19     | BOOL
   20     | INT
   21     | IDENTIFIER

   22 StatementList: /* empty */
   23              | Statement StatementList

   24 Statement: '{' StatementList '}'
   25          | IF '(' Expression ')' Statement ELSE Statement
   26          | WHILE '(' Expression ')' Statement
   27          | PRINTLN '(' Expression ')' ';'
   28          | IDENTIFIER '=' Expression ';'
   29          | IDENTIFIER '[' Expression ']' '=' Expression ';'

   30 Expression: Expression AND Expression
   31           | Expression '<' Expression
   32           | Expression '+' Expression
   33           | Expression '-' Expression
   34           | '-' Expression
   35           | Expression '*' Expression
   36           | Expression '/' Expression
   37           | Expression '[' Expression ']'
   38           | Expression '.' LENGTH
   39           | Expression '.' IDENTIFIER '(' ExpressionList ')'
   40           | INTEGER_VAL
   41           | BOOLEAN_VAL
   42           | IDENTIFIER
   43           | THIS
   44           | NEW INT '[' Expression ']'
   45           | NEW IDENTIFIER '(' ')'
   46           | '!' Expression
   47           | '(' Expression ')'

   48 ExpressionList: /* empty */
   49               | Expression ExpressionRestList

   50 ExpressionRestList: /* empty */
   51                   | ExpressionRest ExpressionRestList

   52 ExpressionRest: ',' Expression


Terminals, with rules where they appear

$end (0) 0
'!' (33) 46
'(' (40) 2 12 25 26 27 39 45 47
')' (41) 2 12 25 26 27 39 45 47
'*' (42) 35
'+' (43) 32
',' (44) 17 52
'-' (45) 33 34
'.' (46) 38 39
'/' (47) 36
';' (59) 9 12 27 28 29
'<' (60) 31
'=' (61) 28 29
'[' (91) 2 18 29 37 44
']' (93) 2 18 29 37 44
'{' (123) 2 5 6 12 24
'}' (125) 2 5 6 12 24
error (256)
INTEGER_VAL (258) 40
BOOLEAN_VAL (259) 41
VOID (260) 2
STRING (261) 2
INT (262) 18 20 44
BOOL (263) 19
IDENTIFIER (264) 2 5 6 9 12 14 17 21 28 29 39 42 45
PRINTLN (265) 27
THIS (266) 43
NEW (267) 44 45
WHILE (268) 26
IF (269) 25
RETURN (270) 12
EXTENDS (271) 6
LENGTH (272) 38
PUBLIC (273) 2 12
CLASS (274) 2 5 6
STATIC (275) 2
MAIN (276) 2
ELSE (277) 25
AND (278) 30
UMINUS (279)


Nonterminals, with rules where they appear

$accept (41)
    on left: 0
Program (42)
    on left: 1, on right: 0
MainClassDeclaration (43)
    on left: 2, on right: 1
ClassDeclarationList (44)
    on left: 3 4, on right: 1 4
ClassDeclaration (45)
    on left: 5 6, on right: 4
VariableDeclarationList (46)
    on left: 7 8, on right: 5 6 8 12
VariableDeclaration (47)
    on left: 9, on right: 8
MethodDeclarationList (48)
    on left: 10 11, on right: 5 6 11
MethodDeclaration (49)
    on left: 12, on right: 11
FormalList (50)
    on left: 13 14, on right: 12
FormalRestList (51)
    on left: 15 16, on right: 14 16
FormalRest (52)
    on left: 17, on right: 16
Type (53)
    on left: 18 19 20 21, on right: 9 12 14 17
StatementList (54)
    on left: 22 23, on right: 12 23 24
Statement (55)
    on left: 24 25 26 27 28 29, on right: 2 23 25 26
Expression (56)
    on left: 30 31 32 33 34 35 36 37 38 39 40 41 42 43 44 45 46 47,
    on right: 12 25 26 27 28 29 30 31 32 33 34 35 36 37 38 39 44 46
    47 49 52
ExpressionList (57)
    on left: 48 49, on right: 39
ExpressionRestList (58)
    on left: 50 51, on right: 49 51
ExpressionRest (59)
    on left: 52, on right: 51


State 0

    0 $accept: . Program $end

    CLASS  shift, and go to state 1

    Program               go to state 2
    MainClassDeclaration  go to state 3


State 1

    2 MainClassDeclaration: CLASS . IDENTIFIER '{' PUBLIC STATIC VOID MAIN '(' STRING '[' ']' IDENTIFIER ')' '{' Statement '}' '}'

    IDENTIFIER  shift, and go to state 4


State 2

    0 $accept: Program . $end

    $end  shift, and go to state 5


State 3

    1 Program: MainClassDeclaration . ClassDeclarationList

    CLASS  shift, and go to state 6

    $default  reduce using rule 3 (ClassDeclarationList)

    ClassDeclarationList  go to state 7
    ClassDeclaration      go to state 8


State 4

    2 MainClassDeclaration: CLASS IDENTIFIER . '{' PUBLIC STATIC VOID MAIN '(' STRING '[' ']' IDENTIFIER ')' '{' Statement '}' '}'

    '{'  shift, and go to state 9


State 5

    0 $accept: Program $end .

    $default  accept


State 6

    5 ClassDeclaration: CLASS . IDENTIFIER '{' VariableDeclarationList MethodDeclarationList '}'
    6                 | CLASS . IDENTIFIER EXTENDS IDENTIFIER '{' VariableDeclarationList MethodDeclarationList '}'

    IDENTIFIER  shift, and go to state 10


State 7

    1 Program: MainClassDeclaration ClassDeclarationList .

    $default  reduce using rule 1 (Program)


State 8

    4 ClassDeclarationList: ClassDeclaration . ClassDeclarationList

    CLASS  shift, and go to state 6

    $default  reduce using rule 3 (ClassDeclarationList)

    ClassDeclarationList  go to state 11
    ClassDeclaration      go to state 8


State 9

    2 MainClassDeclaration: CLASS IDENTIFIER '{' . PUBLIC STATIC VOID MAIN '(' STRING '[' ']' IDENTIFIER ')' '{' Statement '}' '}'

    PUBLIC  shift, and go to state 12


State 10

    5 ClassDeclaration: CLASS IDENTIFIER . '{' VariableDeclarationList MethodDeclarationList '}'
    6                 | CLASS IDENTIFIER . EXTENDS IDENTIFIER '{' VariableDeclarationList MethodDeclarationList '}'

    EXTENDS  shift, and go to state 13
    '{'      shift, and go to state 14


State 11

    4 ClassDeclarationList: ClassDeclaration ClassDeclarationList .

    $default  reduce using rule 4 (ClassDeclarationList)


State 12

    2 MainClassDeclaration: CLASS IDENTIFIER '{' PUBLIC . STATIC VOID MAIN '(' STRING '[' ']' IDENTIFIER ')' '{' Statement '}' '}'

    STATIC  shift, and go to state 15


State 13

    6 ClassDeclaration: CLASS IDENTIFIER EXTENDS . IDENTIFIER '{' VariableDeclarationList MethodDeclarationList '}'

    IDENTIFIER  shift, and go to state 16


State 14

    5 ClassDeclaration: CLASS IDENTIFIER '{' . VariableDeclarationList MethodDeclarationList '}'

    $default  reduce using rule 7 (VariableDeclarationList)

    VariableDeclarationList  go to state 17


State 15

    2 MainClassDeclaration: CLASS IDENTIFIER '{' PUBLIC STATIC . VOID MAIN '(' STRING '[' ']' IDENTIFIER ')' '{' Statement '}' '}'

    VOID  shift, and go to state 18


State 16

    6 ClassDeclaration: CLASS IDENTIFIER EXTENDS IDENTIFIER . '{' VariableDeclarationList MethodDeclarationList '}'

    '{'  shift, and go to state 19


State 17

    5 ClassDeclaration: CLASS IDENTIFIER '{' VariableDeclarationList . MethodDeclarationList '}'
    8 VariableDeclarationList: VariableDeclarationList . VariableDeclaration

    INT         shift, and go to state 20
    BOOL        shift, and go to state 21
    IDENTIFIER  shift, and go to state 22
    PUBLIC      shift, and go to state 23

    $default  reduce using rule 10 (MethodDeclarationList)

    VariableDeclaration    go to state 24
    MethodDeclarationList  go to state 25
    MethodDeclaration      go to state 26
    Type                   go to state 27


State 18

    2 MainClassDeclaration: CLASS IDENTIFIER '{' PUBLIC STATIC VOID . MAIN '(' STRING '[' ']' IDENTIFIER ')' '{' Statement '}' '}'

    MAIN  shift, and go to state 28


State 19

    6 ClassDeclaration: CLASS IDENTIFIER EXTENDS IDENTIFIER '{' . VariableDeclarationList MethodDeclarationList '}'

    $default  reduce using rule 7 (VariableDeclarationList)

    VariableDeclarationList  go to state 29


State 20

   18 Type: INT . '[' ']'
   20     | INT .

    '['  shift, and go to state 30

    $default  reduce using rule 20 (Type)


State 21

   19 Type: BOOL .

    $default  reduce using rule 19 (Type)


State 22

   21 Type: IDENTIFIER .

    $default  reduce using rule 21 (Type)


State 23

   12 MethodDeclaration: PUBLIC . Type IDENTIFIER '(' FormalList ')' '{' VariableDeclarationList StatementList RETURN Expression ';' '}'

    INT         shift, and go to state 20
    BOOL        shift, and go to state 21
    IDENTIFIER  shift, and go to state 22

    Type  go to state 31


State 24

    8 VariableDeclarationList: VariableDeclarationList VariableDeclaration .

    $default  reduce using rule 8 (VariableDeclarationList)


State 25

    5 ClassDeclaration: CLASS IDENTIFIER '{' VariableDeclarationList MethodDeclarationList . '}'

    '}'  shift, and go to state 32


State 26

   11 MethodDeclarationList: MethodDeclaration . MethodDeclarationList

    PUBLIC  shift, and go to state 23

    $default  reduce using rule 10 (MethodDeclarationList)

    MethodDeclarationList  go to state 33
    MethodDeclaration      go to state 26


State 27

    9 VariableDeclaration: Type . IDENTIFIER ';'

    IDENTIFIER  shift, and go to state 34


State 28

    2 MainClassDeclaration: CLASS IDENTIFIER '{' PUBLIC STATIC VOID MAIN . '(' STRING '[' ']' IDENTIFIER ')' '{' Statement '}' '}'

    '('  shift, and go to state 35


State 29

    6 ClassDeclaration: CLASS IDENTIFIER EXTENDS IDENTIFIER '{' VariableDeclarationList . MethodDeclarationList '}'
    8 VariableDeclarationList: VariableDeclarationList . VariableDeclaration

    INT         shift, and go to state 20
    BOOL        shift, and go to state 21
    IDENTIFIER  shift, and go to state 22
    PUBLIC      shift, and go to state 23

    $default  reduce using rule 10 (MethodDeclarationList)

    VariableDeclaration    go to state 24
    MethodDeclarationList  go to state 36
    MethodDeclaration      go to state 26
    Type                   go to state 27


State 30

   18 Type: INT '[' . ']'

    ']'  shift, and go to state 37


State 31

   12 MethodDeclaration: PUBLIC Type . IDENTIFIER '(' FormalList ')' '{' VariableDeclarationList StatementList RETURN Expression ';' '}'

    IDENTIFIER  shift, and go to state 38


State 32

    5 ClassDeclaration: CLASS IDENTIFIER '{' VariableDeclarationList MethodDeclarationList '}' .

    $default  reduce using rule 5 (ClassDeclaration)


State 33

   11 MethodDeclarationList: MethodDeclaration MethodDeclarationList .

    $default  reduce using rule 11 (MethodDeclarationList)


State 34

    9 VariableDeclaration: Type IDENTIFIER . ';'

    ';'  shift, and go to state 39


State 35

    2 MainClassDeclaration: CLASS IDENTIFIER '{' PUBLIC STATIC VOID MAIN '(' . STRING '[' ']' IDENTIFIER ')' '{' Statement '}' '}'

    STRING  shift, and go to state 40


State 36

    6 ClassDeclaration: CLASS IDENTIFIER EXTENDS IDENTIFIER '{' VariableDeclarationList MethodDeclarationList . '}'

    '}'  shift, and go to state 41


State 37

   18 Type: INT '[' ']' .

    $default  reduce using rule 18 (Type)


State 38

   12 MethodDeclaration: PUBLIC Type IDENTIFIER . '(' FormalList ')' '{' VariableDeclarationList StatementList RETURN Expression ';' '}'

    '('  shift, and go to state 42


State 39

    9 VariableDeclaration: Type IDENTIFIER ';' .

    $default  reduce using rule 9 (VariableDeclaration)


State 40

    2 MainClassDeclaration: CLASS IDENTIFIER '{' PUBLIC STATIC VOID MAIN '(' STRING . '[' ']' IDENTIFIER ')' '{' Statement '}' '}'

    '['  shift, and go to state 43


State 41

    6 ClassDeclaration: CLASS IDENTIFIER EXTENDS IDENTIFIER '{' VariableDeclarationList MethodDeclarationList '}' .

    $default  reduce using rule 6 (ClassDeclaration)


State 42

   12 MethodDeclaration: PUBLIC Type IDENTIFIER '(' . FormalList ')' '{' VariableDeclarationList StatementList RETURN Expression ';' '}'

    INT         shift, and go to state 20
    BOOL        shift, and go to state 21
    IDENTIFIER  shift, and go to state 22

    $default  reduce using rule 13 (FormalList)

    FormalList  go to state 44
    Type        go to state 45


State 43

    2 MainClassDeclaration: CLASS IDENTIFIER '{' PUBLIC STATIC VOID MAIN '(' STRING '[' . ']' IDENTIFIER ')' '{' Statement '}' '}'

    ']'  shift, and go to state 46


State 44

   12 MethodDeclaration: PUBLIC Type IDENTIFIER '(' FormalList . ')' '{' VariableDeclarationList StatementList RETURN Expression ';' '}'

    ')'  shift, and go to state 47


State 45

   14 FormalList: Type . IDENTIFIER FormalRestList

    IDENTIFIER  shift, and go to state 48


State 46

    2 MainClassDeclaration: CLASS IDENTIFIER '{' PUBLIC STATIC VOID MAIN '(' STRING '[' ']' . IDENTIFIER ')' '{' Statement '}' '}'

    IDENTIFIER  shift, and go to state 49


State 47

   12 MethodDeclaration: PUBLIC Type IDENTIFIER '(' FormalList ')' . '{' VariableDeclarationList StatementList RETURN Expression ';' '}'

    '{'  shift, and go to state 50


State 48

   14 FormalList: Type IDENTIFIER . FormalRestList

    ','  shift, and go to state 51

    $default  reduce using rule 15 (FormalRestList)

    FormalRestList  go to state 52
    FormalRest      go to state 53


State 49

    2 MainClassDeclaration: CLASS IDENTIFIER '{' PUBLIC STATIC VOID MAIN '(' STRING '[' ']' IDENTIFIER . ')' '{' Statement '}' '}'

    ')'  shift, and go to state 54


State 50

   12 MethodDeclaration: PUBLIC Type IDENTIFIER '(' FormalList ')' '{' . VariableDeclarationList StatementList RETURN Expression ';' '}'

    $default  reduce using rule 7 (VariableDeclarationList)

    VariableDeclarationList  go to state 55


State 51

   17 FormalRest: ',' . Type IDENTIFIER

    INT         shift, and go to state 20
    BOOL        shift, and go to state 21
    IDENTIFIER  shift, and go to state 22

    Type  go to state 56


State 52

   14 FormalList: Type IDENTIFIER FormalRestList .

    $default  reduce using rule 14 (FormalList)


State 53

   16 FormalRestList: FormalRest . FormalRestList

    ','  shift, and go to state 51

    $default  reduce using rule 15 (FormalRestList)

    FormalRestList  go to state 57
    FormalRest      go to state 53


State 54

    2 MainClassDeclaration: CLASS IDENTIFIER '{' PUBLIC STATIC VOID MAIN '(' STRING '[' ']' IDENTIFIER ')' . '{' Statement '}' '}'

    '{'  shift, and go to state 58


State 55

    8 VariableDeclarationList: VariableDeclarationList . VariableDeclaration
   12 MethodDeclaration: PUBLIC Type IDENTIFIER '(' FormalList ')' '{' VariableDeclarationList . StatementList RETURN Expression ';' '}'

    INT         shift, and go to state 20
    BOOL        shift, and go to state 21
    IDENTIFIER  shift, and go to state 59
    PRINTLN     shift, and go to state 60
    WHILE       shift, and go to state 61
    IF          shift, and go to state 62
    '{'         shift, and go to state 63

    $default  reduce using rule 22 (StatementList)

    VariableDeclaration  go to state 24
    Type                 go to state 27
    StatementList        go to state 64
    Statement            go to state 65


State 56

   17 FormalRest: ',' Type . IDENTIFIER

    IDENTIFIER  shift, and go to state 66


State 57

   16 FormalRestList: FormalRest FormalRestList .

    $default  reduce using rule 16 (FormalRestList)


State 58

    2 MainClassDeclaration: CLASS IDENTIFIER '{' PUBLIC STATIC VOID MAIN '(' STRING '[' ']' IDENTIFIER ')' '{' . Statement '}' '}'

    IDENTIFIER  shift, and go to state 67
    PRINTLN     shift, and go to state 60
    WHILE       shift, and go to state 61
    IF          shift, and go to state 62
    '{'         shift, and go to state 63

    Statement  go to state 68


State 59

   21 Type: IDENTIFIER .
   28 Statement: IDENTIFIER . '=' Expression ';'
   29          | IDENTIFIER . '[' Expression ']' '=' Expression ';'

    '='  shift, and go to state 69
    '['  shift, and go to state 70

    $default  reduce using rule 21 (Type)


State 60

   27 Statement: PRINTLN . '(' Expression ')' ';'

    '('  shift, and go to state 71


State 61

   26 Statement: WHILE . '(' Expression ')' Statement

    '('  shift, and go to state 72


State 62

   25 Statement: IF . '(' Expression ')' Statement ELSE Statement

    '('  shift, and go to state 73


State 63

   24 Statement: '{' . StatementList '}'

    IDENTIFIER  shift, and go to state 67
    PRINTLN     shift, and go to state 60
    WHILE       shift, and go to state 61
    IF          shift, and go to state 62
    '{'         shift, and go to state 63

    $default  reduce using rule 22 (StatementList)

    StatementList  go to state 74
    Statement      go to state 65


State 64

   12 MethodDeclaration: PUBLIC Type IDENTIFIER '(' FormalList ')' '{' VariableDeclarationList StatementList . RETURN Expression ';' '}'

    RETURN  shift, and go to state 75


State 65

   23 StatementList: Statement . StatementList

    IDENTIFIER  shift, and go to state 67
    PRINTLN     shift, and go to state 60
    WHILE       shift, and go to state 61
    IF          shift, and go to state 62
    '{'         shift, and go to state 63

    $default  reduce using rule 22 (StatementList)

    StatementList  go to state 76
    Statement      go to state 65


State 66

   17 FormalRest: ',' Type IDENTIFIER .

    $default  reduce using rule 17 (FormalRest)


State 67

   28 Statement: IDENTIFIER . '=' Expression ';'
   29          | IDENTIFIER . '[' Expression ']' '=' Expression ';'

    '='  shift, and go to state 69
    '['  shift, and go to state 70


State 68

    2 MainClassDeclaration: CLASS IDENTIFIER '{' PUBLIC STATIC VOID MAIN '(' STRING '[' ']' IDENTIFIER ')' '{' Statement . '}' '}'

    '}'  shift, and go to state 77


State 69

   28 Statement: IDENTIFIER '=' . Expression ';'

    INTEGER_VAL  shift, and go to state 78
    BOOLEAN_VAL  shift, and go to state 79
    IDENTIFIER   shift, and go to state 80
    THIS         shift, and go to state 81
    NEW          shift, and go to state 82
    '-'          shift, and go to state 83
    '!'          shift, and go to state 84
    '('          shift, and go to state 85

    Expression  go to state 86


State 70

   29 Statement: IDENTIFIER '[' . Expression ']' '=' Expression ';'

    INTEGER_VAL  shift, and go to state 78
    BOOLEAN_VAL  shift, and go to state 79
    IDENTIFIER   shift, and go to state 80
    THIS         shift, and go to state 81
    NEW          shift, and go to state 82
    '-'          shift, and go to state 83
    '!'          shift, and go to state 84
    '('          shift, and go to state 85

    Expression  go to state 87


State 71

   27 Statement: PRINTLN '(' . Expression ')' ';'

    INTEGER_VAL  shift, and go to state 78
    BOOLEAN_VAL  shift, and go to state 79
    IDENTIFIER   shift, and go to state 80
    THIS         shift, and go to state 81
    NEW          shift, and go to state 82
    '-'          shift, and go to state 83
    '!'          shift, and go to state 84
    '('          shift, and go to state 85

    Expression  go to state 88


State 72

   26 Statement: WHILE '(' . Expression ')' Statement

    INTEGER_VAL  shift, and go to state 78
    BOOLEAN_VAL  shift, and go to state 79
    IDENTIFIER   shift, and go to state 80
    THIS         shift, and go to state 81
    NEW          shift, and go to state 82
    '-'          shift, and go to state 83
    '!'          shift, and go to state 84
    '('          shift, and go to state 85

    Expression  go to state 89


State 73

   25 Statement: IF '(' . Expression ')' Statement ELSE Statement

    INTEGER_VAL  shift, and go to state 78
    BOOLEAN_VAL  shift, and go to state 79
    IDENTIFIER   shift, and go to state 80
    THIS         shift, and go to state 81
    NEW          shift, and go to state 82
    '-'          shift, and go to state 83
    '!'          shift, and go to state 84
    '('          shift, and go to state 85

    Expression  go to state 90


State 74

   24 Statement: '{' StatementList . '}'

    '}'  shift, and go to state 91


State 75

   12 MethodDeclaration: PUBLIC Type IDENTIFIER '(' FormalList ')' '{' VariableDeclarationList StatementList RETURN . Expression ';' '}'

    INTEGER_VAL  shift, and go to state 78
    BOOLEAN_VAL  shift, and go to state 79
    IDENTIFIER   shift, and go to state 80
    THIS         shift, and go to state 81
    NEW          shift, and go to state 82
    '-'          shift, and go to state 83
    '!'          shift, and go to state 84
    '('          shift, and go to state 85

    Expression  go to state 92


State 76

   23 StatementList: Statement StatementList .

    $default  reduce using rule 23 (StatementList)


State 77

    2 MainClassDeclaration: CLASS IDENTIFIER '{' PUBLIC STATIC VOID MAIN '(' STRING '[' ']' IDENTIFIER ')' '{' Statement '}' . '}'

    '}'  shift, and go to state 93


State 78

   40 Expression: INTEGER_VAL .

    $default  reduce using rule 40 (Expression)


State 79

   41 Expression: BOOLEAN_VAL .

    $default  reduce using rule 41 (Expression)


State 80

   42 Expression: IDENTIFIER .

    $default  reduce using rule 42 (Expression)


State 81

   43 Expression: THIS .

    $default  reduce using rule 43 (Expression)


State 82

   44 Expression: NEW . INT '[' Expression ']'
   45           | NEW . IDENTIFIER '(' ')'

    INT         shift, and go to state 94
    IDENTIFIER  shift, and go to state 95


State 83

   34 Expression: '-' . Expression

    INTEGER_VAL  shift, and go to state 78
    BOOLEAN_VAL  shift, and go to state 79
    IDENTIFIER   shift, and go to state 80
    THIS         shift, and go to state 81
    NEW          shift, and go to state 82
    '-'          shift, and go to state 83
    '!'          shift, and go to state 84
    '('          shift, and go to state 85

    Expression  go to state 96


State 84

   46 Expression: '!' . Expression

    INTEGER_VAL  shift, and go to state 78
    BOOLEAN_VAL  shift, and go to state 79
    IDENTIFIER   shift, and go to state 80
    THIS         shift, and go to state 81
    NEW          shift, and go to state 82
    '-'          shift, and go to state 83
    '!'          shift, and go to state 84
    '('          shift, and go to state 85

    Expression  go to state 97


State 85

   47 Expression: '(' . Expression ')'

    INTEGER_VAL  shift, and go to state 78
    BOOLEAN_VAL  shift, and go to state 79
    IDENTIFIER   shift, and go to state 80
    THIS         shift, and go to state 81
    NEW          shift, and go to state 82
    '-'          shift, and go to state 83
    '!'          shift, and go to state 84
    '('          shift, and go to state 85

    Expression  go to state 98


State 86

   28 Statement: IDENTIFIER '=' Expression . ';'
   30 Expression: Expression . AND Expression
   31           | Expression . '<' Expression
   32           | Expression . '+' Expression
   33           | Expression . '-' Expression
   35           | Expression . '*' Expression
   36           | Expression . '/' Expression
   37           | Expression . '[' Expression ']'
   38           | Expression . '.' LENGTH
   39           | Expression . '.' IDENTIFIER '(' ExpressionList ')'

    AND  shift, and go to state 99
    '<'  shift, and go to state 100
    '+'  shift, and go to state 101
    '-'  shift, and go to state 102
    '*'  shift, and go to state 103
    '/'  shift, and go to state 104
    '.'  shift, and go to state 105
    '['  shift, and go to state 106
    ';'  shift, and go to state 107


State 87

   29 Statement: IDENTIFIER '[' Expression . ']' '=' Expression ';'
   30 Expression: Expression . AND Expression
   31           | Expression . '<' Expression
   32           | Expression . '+' Expression
   33           | Expression . '-' Expression
   35           | Expression . '*' Expression
   36           | Expression . '/' Expression
   37           | Expression . '[' Expression ']'
   38           | Expression . '.' LENGTH
   39           | Expression . '.' IDENTIFIER '(' ExpressionList ')'

    AND  shift, and go to state 99
    '<'  shift, and go to state 100
    '+'  shift, and go to state 101
    '-'  shift, and go to state 102
    '*'  shift, and go to state 103
    '/'  shift, and go to state 104
    '.'  shift, and go to state 105
    '['  shift, and go to state 106
    ']'  shift, and go to state 108


State 88

   27 Statement: PRINTLN '(' Expression . ')' ';'
   30 Expression: Expression . AND Expression
   31           | Expression . '<' Expression
   32           | Expression . '+' Expression
   33           | Expression . '-' Expression
   35           | Expression . '*' Expression
   36           | Expression . '/' Expression
   37           | Expression . '[' Expression ']'
   38           | Expression . '.' LENGTH
   39           | Expression . '.' IDENTIFIER '(' ExpressionList ')'

    AND  shift, and go to state 99
    '<'  shift, and go to state 100
    '+'  shift, and go to state 101
    '-'  shift, and go to state 102
    '*'  shift, and go to state 103
    '/'  shift, and go to state 104
    '.'  shift, and go to state 105
    '['  shift, and go to state 106
    ')'  shift, and go to state 109


State 89

   26 Statement: WHILE '(' Expression . ')' Statement
   30 Expression: Expression . AND Expression
   31           | Expression . '<' Expression
   32           | Expression . '+' Expression
   33           | Expression . '-' Expression
   35           | Expression . '*' Expression
   36           | Expression . '/' Expression
   37           | Expression . '[' Expression ']'
   38           | Expression . '.' LENGTH
   39           | Expression . '.' IDENTIFIER '(' ExpressionList ')'

    AND  shift, and go to state 99
    '<'  shift, and go to state 100
    '+'  shift, and go to state 101
    '-'  shift, and go to state 102
    '*'  shift, and go to state 103
    '/'  shift, and go to state 104
    '.'  shift, and go to state 105
    '['  shift, and go to state 106
    ')'  shift, and go to state 110


State 90

   25 Statement: IF '(' Expression . ')' Statement ELSE Statement
   30 Expression: Expression . AND Expression
   31           | Expression . '<' Expression
   32           | Expression . '+' Expression
   33           | Expression . '-' Expression
   35           | Expression . '*' Expression
   36           | Expression . '/' Expression
   37           | Expression . '[' Expression ']'
   38           | Expression . '.' LENGTH
   39           | Expression . '.' IDENTIFIER '(' ExpressionList ')'

    AND  shift, and go to state 99
    '<'  shift, and go to state 100
    '+'  shift, and go to state 101
    '-'  shift, and go to state 102
    '*'  shift, and go to state 103
    '/'  shift, and go to state 104
    '.'  shift, and go to state 105
    '['  shift, and go to state 106
    ')'  shift, and go to state 111


State 91

   24 Statement: '{' StatementList '}' .

    $default  reduce using rule 24 (Statement)


State 92

   12 MethodDeclaration: PUBLIC Type IDENTIFIER '(' FormalList ')' '{' VariableDeclarationList StatementList RETURN Expression . ';' '}'
   30 Expression: Expression . AND Expression
   31           | Expression . '<' Expression
   32           | Expression . '+' Expression
   33           | Expression . '-' Expression
   35           | Expression . '*' Expression
   36           | Expression . '/' Expression
   37           | Expression . '[' Expression ']'
   38           | Expression . '.' LENGTH
   39           | Expression . '.' IDENTIFIER '(' ExpressionList ')'

    AND  shift, and go to state 99
    '<'  shift, and go to state 100
    '+'  shift, and go to state 101
    '-'  shift, and go to state 102
    '*'  shift, and go to state 103
    '/'  shift, and go to state 104
    '.'  shift, and go to state 105
    '['  shift, and go to state 106
    ';'  shift, and go to state 112


State 93

    2 MainClassDeclaration: CLASS IDENTIFIER '{' PUBLIC STATIC VOID MAIN '(' STRING '[' ']' IDENTIFIER ')' '{' Statement '}' '}' .

    $default  reduce using rule 2 (MainClassDeclaration)


State 94

   44 Expression: NEW INT . '[' Expression ']'

    '['  shift, and go to state 113


State 95

   45 Expression: NEW IDENTIFIER . '(' ')'

    '('  shift, and go to state 114


State 96

   30 Expression: Expression . AND Expression
   31           | Expression . '<' Expression
   32           | Expression . '+' Expression
   33           | Expression . '-' Expression
   34           | '-' Expression .
   35           | Expression . '*' Expression
   36           | Expression . '/' Expression
   37           | Expression . '[' Expression ']'
   38           | Expression . '.' LENGTH
   39           | Expression . '.' IDENTIFIER '(' ExpressionList ')'

    '.'  shift, and go to state 105
    '['  shift, and go to state 106

    $default  reduce using rule 34 (Expression)


State 97

   30 Expression: Expression . AND Expression
   31           | Expression . '<' Expression
   32           | Expression . '+' Expression
   33           | Expression . '-' Expression
   35           | Expression . '*' Expression
   36           | Expression . '/' Expression
   37           | Expression . '[' Expression ']'
   38           | Expression . '.' LENGTH
   39           | Expression . '.' IDENTIFIER '(' ExpressionList ')'
   46           | '!' Expression .

    '.'  shift, and go to state 105
    '['  shift, and go to state 106

    $default  reduce using rule 46 (Expression)


State 98

   30 Expression: Expression . AND Expression
   31           | Expression . '<' Expression
   32           | Expression . '+' Expression
   33           | Expression . '-' Expression
   35           | Expression . '*' Expression
   36           | Expression . '/' Expression
   37           | Expression . '[' Expression ']'
   38           | Expression . '.' LENGTH
   39           | Expression . '.' IDENTIFIER '(' ExpressionList ')'
   47           | '(' Expression . ')'

    AND  shift, and go to state 99
    '<'  shift, and go to state 100
    '+'  shift, and go to state 101
    '-'  shift, and go to state 102
    '*'  shift, and go to state 103
    '/'  shift, and go to state 104
    '.'  shift, and go to state 105
    '['  shift, and go to state 106
    ')'  shift, and go to state 115


State 99

   30 Expression: Expression AND . Expression

    INTEGER_VAL  shift, and go to state 78
    BOOLEAN_VAL  shift, and go to state 79
    IDENTIFIER   shift, and go to state 80
    THIS         shift, and go to state 81
    NEW          shift, and go to state 82
    '-'          shift, and go to state 83
    '!'          shift, and go to state 84
    '('          shift, and go to state 85

    Expression  go to state 116


State 100

   31 Expression: Expression '<' . Expression

    INTEGER_VAL  shift, and go to state 78
    BOOLEAN_VAL  shift, and go to state 79
    IDENTIFIER   shift, and go to state 80
    THIS         shift, and go to state 81
    NEW          shift, and go to state 82
    '-'          shift, and go to state 83
    '!'          shift, and go to state 84
    '('          shift, and go to state 85

    Expression  go to state 117


State 101

   32 Expression: Expression '+' . Expression

    INTEGER_VAL  shift, and go to state 78
    BOOLEAN_VAL  shift, and go to state 79
    IDENTIFIER   shift, and go to state 80
    THIS         shift, and go to state 81
    NEW          shift, and go to state 82
    '-'          shift, and go to state 83
    '!'          shift, and go to state 84
    '('          shift, and go to state 85

    Expression  go to state 118


State 102

   33 Expression: Expression '-' . Expression

    INTEGER_VAL  shift, and go to state 78
    BOOLEAN_VAL  shift, and go to state 79
    IDENTIFIER   shift, and go to state 80
    THIS         shift, and go to state 81
    NEW          shift, and go to state 82
    '-'          shift, and go to state 83
    '!'          shift, and go to state 84
    '('          shift, and go to state 85

    Expression  go to state 119


State 103

   35 Expression: Expression '*' . Expression

    INTEGER_VAL  shift, and go to state 78
    BOOLEAN_VAL  shift, and go to state 79
    IDENTIFIER   shift, and go to state 80
    THIS         shift, and go to state 81
    NEW          shift, and go to state 82
    '-'          shift, and go to state 83
    '!'          shift, and go to state 84
    '('          shift, and go to state 85

    Expression  go to state 120


State 104

   36 Expression: Expression '/' . Expression

    INTEGER_VAL  shift, and go to state 78
    BOOLEAN_VAL  shift, and go to state 79
    IDENTIFIER   shift, and go to state 80
    THIS         shift, and go to state 81
    NEW          shift, and go to state 82
    '-'          shift, and go to state 83
    '!'          shift, and go to state 84
    '('          shift, and go to state 85

    Expression  go to state 121


State 105

   38 Expression: Expression '.' . LENGTH
   39           | Expression '.' . IDENTIFIER '(' ExpressionList ')'

    IDENTIFIER  shift, and go to state 122
    LENGTH      shift, and go to state 123


State 106

   37 Expression: Expression '[' . Expression ']'

    INTEGER_VAL  shift, and go to state 78
    BOOLEAN_VAL  shift, and go to state 79
    IDENTIFIER   shift, and go to state 80
    THIS         shift, and go to state 81
    NEW          shift, and go to state 82
    '-'          shift, and go to state 83
    '!'          shift, and go to state 84
    '('          shift, and go to state 85

    Expression  go to state 124


State 107

   28 Statement: IDENTIFIER '=' Expression ';' .

    $default  reduce using rule 28 (Statement)


State 108

   29 Statement: IDENTIFIER '[' Expression ']' . '=' Expression ';'

    '='  shift, and go to state 125


State 109

   27 Statement: PRINTLN '(' Expression ')' . ';'

    ';'  shift, and go to state 126


State 110

   26 Statement: WHILE '(' Expression ')' . Statement

    IDENTIFIER  shift, and go to state 67
    PRINTLN     shift, and go to state 60
    WHILE       shift, and go to state 61
    IF          shift, and go to state 62
    '{'         shift, and go to state 63

    Statement  go to state 127


State 111

   25 Statement: IF '(' Expression ')' . Statement ELSE Statement

    IDENTIFIER  shift, and go to state 67
    PRINTLN     shift, and go to state 60
    WHILE       shift, and go to state 61
    IF          shift, and go to state 62
    '{'         shift, and go to state 63

    Statement  go to state 128


State 112

   12 MethodDeclaration: PUBLIC Type IDENTIFIER '(' FormalList ')' '{' VariableDeclarationList StatementList RETURN Expression ';' . '}'

    '}'  shift, and go to state 129


State 113

   44 Expression: NEW INT '[' . Expression ']'

    INTEGER_VAL  shift, and go to state 78
    BOOLEAN_VAL  shift, and go to state 79
    IDENTIFIER   shift, and go to state 80
    THIS         shift, and go to state 81
    NEW          shift, and go to state 82
    '-'          shift, and go to state 83
    '!'          shift, and go to state 84
    '('          shift, and go to state 85

    Expression  go to state 130


State 114

   45 Expression: NEW IDENTIFIER '(' . ')'

    ')'  shift, and go to state 131


State 115

   47 Expression: '(' Expression ')' .

    $default  reduce using rule 47 (Expression)


State 116

   30 Expression: Expression . AND Expression
   30           | Expression AND Expression .
   31           | Expression . '<' Expression
   32           | Expression . '+' Expression
   33           | Expression . '-' Expression
   35           | Expression . '*' Expression
   36           | Expression . '/' Expression
   37           | Expression . '[' Expression ']'
   38           | Expression . '.' LENGTH
   39           | Expression . '.' IDENTIFIER '(' ExpressionList ')'

    '<'  shift, and go to state 100
    '+'  shift, and go to state 101
    '-'  shift, and go to state 102
    '*'  shift, and go to state 103
    '/'  shift, and go to state 104
    '.'  shift, and go to state 105
    '['  shift, and go to state 106

    $default  reduce using rule 30 (Expression)


State 117

   30 Expression: Expression . AND Expression
   31           | Expression . '<' Expression
   31           | Expression '<' Expression .
   32           | Expression . '+' Expression
   33           | Expression . '-' Expression
   35           | Expression . '*' Expression
   36           | Expression . '/' Expression
   37           | Expression . '[' Expression ']'
   38           | Expression . '.' LENGTH
   39           | Expression . '.' IDENTIFIER '(' ExpressionList ')'

    '+'  shift, and go to state 101
    '-'  shift, and go to state 102
    '*'  shift, and go to state 103
    '/'  shift, and go to state 104
    '.'  shift, and go to state 105
    '['  shift, and go to state 106

    $default  reduce using rule 31 (Expression)


State 118

   30 Expression: Expression . AND Expression
   31           | Expression . '<' Expression
   32           | Expression . '+' Expression
   32           | Expression '+' Expression .
   33           | Expression . '-' Expression
   35           | Expression . '*' Expression
   36           | Expression . '/' Expression
   37           | Expression . '[' Expression ']'
   38           | Expression . '.' LENGTH
   39           | Expression . '.' IDENTIFIER '(' ExpressionList ')'

    '*'  shift, and go to state 103
    '/'  shift, and go to state 104
    '.'  shift, and go to state 105
    '['  shift, and go to state 106

    $default  reduce using rule 32 (Expression)


State 119

   30 Expression: Expression . AND Expression
   31           | Expression . '<' Expression
   32           | Expression . '+' Expression
   33           | Expression . '-' Expression
   33           | Expression '-' Expression .
   35           | Expression . '*' Expression
   36           | Expression . '/' Expression
   37           | Expression . '[' Expression ']'
   38           | Expression . '.' LENGTH
   39           | Expression . '.' IDENTIFIER '(' ExpressionList ')'

    '*'  shift, and go to state 103
    '/'  shift, and go to state 104
    '.'  shift, and go to state 105
    '['  shift, and go to state 106

    $default  reduce using rule 33 (Expression)


State 120

   30 Expression: Expression . AND Expression
   31           | Expression . '<' Expression
   32           | Expression . '+' Expression
   33           | Expression . '-' Expression
   35           | Expression . '*' Expression
   35           | Expression '*' Expression .
   36           | Expression . '/' Expression
   37           | Expression . '[' Expression ']'
   38           | Expression . '.' LENGTH
   39           | Expression . '.' IDENTIFIER '(' ExpressionList ')'

    '.'  shift, and go to state 105
    '['  shift, and go to state 106

    $default  reduce using rule 35 (Expression)


State 121

   30 Expression: Expression . AND Expression
   31           | Expression . '<' Expression
   32           | Expression . '+' Expression
   33           | Expression . '-' Expression
   35           | Expression . '*' Expression
   36           | Expression . '/' Expression
   36           | Expression '/' Expression .
   37           | Expression . '[' Expression ']'
   38           | Expression . '.' LENGTH
   39           | Expression . '.' IDENTIFIER '(' ExpressionList ')'

    '.'  shift, and go to state 105
    '['  shift, and go to state 106

    $default  reduce using rule 36 (Expression)


State 122

   39 Expression: Expression '.' IDENTIFIER . '(' ExpressionList ')'

    '('  shift, and go to state 132


State 123

   38 Expression: Expression '.' LENGTH .

    $default  reduce using rule 38 (Expression)


State 124

   30 Expression: Expression . AND Expression
   31           | Expression . '<' Expression
   32           | Expression . '+' Expression
   33           | Expression . '-' Expression
   35           | Expression . '*' Expression
   36           | Expression . '/' Expression
   37           | Expression . '[' Expression ']'
   37           | Expression '[' Expression . ']'
   38           | Expression . '.' LENGTH
   39           | Expression . '.' IDENTIFIER '(' ExpressionList ')'

    AND  shift, and go to state 99
    '<'  shift, and go to state 100
    '+'  shift, and go to state 101
    '-'  shift, and go to state 102
    '*'  shift, and go to state 103
    '/'  shift, and go to state 104
    '.'  shift, and go to state 105
    '['  shift, and go to state 106
    ']'  shift, and go to state 133


State 125

   29 Statement: IDENTIFIER '[' Expression ']' '=' . Expression ';'

    INTEGER_VAL  shift, and go to state 78
    BOOLEAN_VAL  shift, and go to state 79
    IDENTIFIER   shift, and go to state 80
    THIS         shift, and go to state 81
    NEW          shift, and go to state 82
    '-'          shift, and go to state 83
    '!'          shift, and go to state 84
    '('          shift, and go to state 85

    Expression  go to state 134


State 126

   27 Statement: PRINTLN '(' Expression ')' ';' .

    $default  reduce using rule 27 (Statement)


State 127

   26 Statement: WHILE '(' Expression ')' Statement .

    $default  reduce using rule 26 (Statement)


State 128

   25 Statement: IF '(' Expression ')' Statement . ELSE Statement

    ELSE  shift, and go to state 135


State 129

   12 MethodDeclaration: PUBLIC Type IDENTIFIER '(' FormalList ')' '{' VariableDeclarationList StatementList RETURN Expression ';' '}' .

    $default  reduce using rule 12 (MethodDeclaration)


State 130

   30 Expression: Expression . AND Expression
   31           | Expression . '<' Expression
   32           | Expression . '+' Expression
   33           | Expression . '-' Expression
   35           | Expression . '*' Expression
   36           | Expression . '/' Expression
   37           | Expression . '[' Expression ']'
   38           | Expression . '.' LENGTH
   39           | Expression . '.' IDENTIFIER '(' ExpressionList ')'
   44           | NEW INT '[' Expression . ']'

    AND  shift, and go to state 99
    '<'  shift, and go to state 100
    '+'  shift, and go to state 101
    '-'  shift, and go to state 102
    '*'  shift, and go to state 103
    '/'  shift, and go to state 104
    '.'  shift, and go to state 105
    '['  shift, and go to state 106
    ']'  shift, and go to state 136


State 131

   45 Expression: NEW IDENTIFIER '(' ')' .

    $default  reduce using rule 45 (Expression)


State 132

   39 Expression: Expression '.' IDENTIFIER '(' . ExpressionList ')'

    INTEGER_VAL  shift, and go to state 78
    BOOLEAN_VAL  shift, and go to state 79
    IDENTIFIER   shift, and go to state 80
    THIS         shift, and go to state 81
    NEW          shift, and go to state 82
    '-'          shift, and go to state 83
    '!'          shift, and go to state 84
    '('          shift, and go to state 85

    $default  reduce using rule 48 (ExpressionList)

    Expression      go to state 137
    ExpressionList  go to state 138


State 133

   37 Expression: Expression '[' Expression ']' .

    $default  reduce using rule 37 (Expression)


State 134

   29 Statement: IDENTIFIER '[' Expression ']' '=' Expression . ';'
   30 Expression: Expression . AND Expression
   31           | Expression . '<' Expression
   32           | Expression . '+' Expression
   33           | Expression . '-' Expression
   35           | Expression . '*' Expression
   36           | Expression . '/' Expression
   37           | Expression . '[' Expression ']'
   38           | Expression . '.' LENGTH
   39           | Expression . '.' IDENTIFIER '(' ExpressionList ')'

    AND  shift, and go to state 99
    '<'  shift, and go to state 100
    '+'  shift, and go to state 101
    '-'  shift, and go to state 102
    '*'  shift, and go to state 103
    '/'  shift, and go to state 104
    '.'  shift, and go to state 105
    '['  shift, and go to state 106
    ';'  shift, and go to state 139


State 135

   25 Statement: IF '(' Expression ')' Statement ELSE . Statement

    IDENTIFIER  shift, and go to state 67
    PRINTLN     shift, and go to state 60
    WHILE       shift, and go to state 61
    IF          shift, and go to state 62
    '{'         shift, and go to state 63

    Statement  go to state 140


State 136

   44 Expression: NEW INT '[' Expression ']' .

    $default  reduce using rule 44 (Expression)


State 137

   30 Expression: Expression . AND Expression
   31           | Expression . '<' Expression
   32           | Expression . '+' Expression
   33           | Expression . '-' Expression
   35           | Expression . '*' Expression
   36           | Expression . '/' Expression
   37           | Expression . '[' Expression ']'
   38           | Expression . '.' LENGTH
   39           | Expression . '.' IDENTIFIER '(' ExpressionList ')'
   49 ExpressionList: Expression . ExpressionRestList

    AND  shift, and go to state 99
    '<'  shift, and go to state 100
    '+'  shift, and go to state 101
    '-'  shift, and go to state 102
    '*'  shift, and go to state 103
    '/'  shift, and go to state 104
    '.'  shift, and go to state 105
    '['  shift, and go to state 106
    ','  shift, and go to state 141

    $default  reduce using rule 50 (ExpressionRestList)

    ExpressionRestList  go to state 142
    ExpressionRest      go to state 143


State 138

   39 Expression: Expression '.' IDENTIFIER '(' ExpressionList . ')'

    ')'  shift, and go to state 144


State 139

   29 Statement: IDENTIFIER '[' Expression ']' '=' Expression ';' .

    $default  reduce using rule 29 (Statement)


State 140

   25 Statement: IF '(' Expression ')' Statement ELSE Statement .

    $default  reduce using rule 25 (Statement)


State 141

   52 ExpressionRest: ',' . Expression

    INTEGER_VAL  shift, and go to state 78
    BOOLEAN_VAL  shift, and go to state 79
    IDENTIFIER   shift, and go to state 80
    THIS         shift, and go to state 81
    NEW          shift, and go to state 82
    '-'          shift, and go to state 83
    '!'          shift, and go to state 84
    '('          shift, and go to state 85

    Expression  go to state 145


State 142

   49 ExpressionList: Expression ExpressionRestList .

    $default  reduce using rule 49 (ExpressionList)


State 143

   51 ExpressionRestList: ExpressionRest . ExpressionRestList

    ','  shift, and go to state 141

    $default  reduce using rule 50 (ExpressionRestList)

    ExpressionRestList  go to state 146
    ExpressionRest      go to state 143


State 144

   39 Expression: Expression '.' IDENTIFIER '(' ExpressionList ')' .

    $default  reduce using rule 39 (Expression)


State 145

   30 Expression: Expression . AND Expression
   31           | Expression . '<' Expression
   32           | Expression . '+' Expression
   33           | Expression . '-' Expression
   35           | Expression . '*' Expression
   36           | Expression . '/' Expression
   37           | Expression . '[' Expression ']'
   38           | Expression . '.' LENGTH
   39           | Expression . '.' IDENTIFIER '(' ExpressionList ')'
   52 ExpressionRest: ',' Expression .

    AND  shift, and go to state 99
    '<'  shift, and go to state 100
    '+'  shift, and go to state 101
    '-'  shift, and go to state 102
    '*'  shift, and go to state 103
    '/'  shift, and go to state 104
    '.'  shift, and go to state 105
    '['  shift, and go to state 106

    $default  reduce using rule 52 (ExpressionRest)


State 146

   51 ExpressionRestList: ExpressionRest ExpressionRestList .

    $default  reduce using rule 51 (ExpressionRestList)
